Info|2024/06/28 20:44:23.828|LogLibrary.Log|atPhoto|시스템 파일 읽기 성공:D:\Work\C_Sharp\2024\atPhotoInspection\SystemRoot\Autonics\atPhotoInspection\System\SystemParameters.ini
Info|2024/06/28 20:44:23.866|LogLibrary.Log|atPhoto|로그 데이터 및 이벤트 등록을 완료
Info|2024/06/28 20:44:23.866|LogLibrary.Log|atPhoto|통신 모듈 초기화 완료.
Info|2024/06/28 20:44:23.866|LogLibrary.Log|atPhoto|Photo 센서 검사 프로그램을 시작
Info|2024/06/28 20:44:23.866|LogLibrary.Log|atPhoto|파일 시스템을 설정 및 로드 시작
Error|2024/06/28 20:44:24.305|LogLibrary.Log|atPhoto|카메라 초기화 실패
Info|2024/06/28 20:44:26.347|LogLibrary.Log|NetWork|PLC와 통신 연결 실패 IP :127.0.0.1
Info|2024/06/28 20:44:26.350|LogLibrary.Log|PhotoSensor|포토센서와 통신 연결 실패:COM1
Info|2024/06/28 20:44:26.350|LogLibrary.Log|PanelMeta|판넬메타와 통신 연결 실패:COM6
Info|2024/06/28 20:44:26.350|LogLibrary.Log|atPhoto|검사 통계 초기화 완료
Info|2024/06/28 20:44:26.366|LogLibrary.Log|atPhoto|리본 메뉴 구성을 초기화 완료
Info|2024/06/28 20:44:26.366|LogLibrary.Log|atPhoto|레시피 초기화 완료
Info|2024/06/28 20:44:26.366|LogLibrary.Log|atPhoto|검사 동작 스레드 등록 완료
Info|2024/06/28 20:44:34.602|LogLibrary.Log|atPhoto|원본 화면 맞춤: 56.0%
Info|2024/06/28 20:44:38.545|LogLibrary.Log|atPhoto|광축 측정 시작
Info|2024/06/28 20:44:49.440|LogLibrary.Log|Image|CCL 완료(레이블 수:5091, Blob 수:1)
Info|2024/06/28 20:45:20.241|LogLibrary.Log|atPhoto|광축 측정 시작
Info|2024/06/28 20:45:20.267|LogLibrary.Log|Image|CCL 완료(레이블 수:5320, Blob 수:1)
Info|2024/06/28 20:47:06.071|LogLibrary.Log|atPhoto|시스템 파일 읽기 성공:D:\Work\C_Sharp\2024\atPhotoInspection\SystemRoot\Autonics\atPhotoInspection\System\SystemParameters.ini
Info|2024/06/28 20:47:06.111|LogLibrary.Log|atPhoto|로그 데이터 및 이벤트 등록을 완료
Info|2024/06/28 20:47:06.116|LogLibrary.Log|atPhoto|통신 모듈 초기화 완료.
Info|2024/06/28 20:47:06.116|LogLibrary.Log|atPhoto|Photo 센서 검사 프로그램을 시작
Info|2024/06/28 20:47:06.116|LogLibrary.Log|atPhoto|파일 시스템을 설정 및 로드 시작
Error|2024/06/28 20:47:06.419|LogLibrary.Log|atPhoto|카메라 초기화 실패
Info|2024/06/28 20:47:08.479|LogLibrary.Log|NetWork|PLC와 통신 연결 실패 IP :127.0.0.1
Info|2024/06/28 20:47:08.479|LogLibrary.Log|PhotoSensor|포토센서와 통신 연결 실패:COM1
Info|2024/06/28 20:47:08.479|LogLibrary.Log|PanelMeta|판넬메타와 통신 연결 실패:COM6
Info|2024/06/28 20:47:08.479|LogLibrary.Log|atPhoto|검사 통계 초기화 완료
Info|2024/06/28 20:47:08.479|LogLibrary.Log|atPhoto|리본 메뉴 구성을 초기화 완료
Info|2024/06/28 20:47:08.479|LogLibrary.Log|atPhoto|레시피 초기화 완료
Info|2024/06/28 20:47:08.479|LogLibrary.Log|atPhoto|검사 동작 스레드 등록 완료
Info|2024/06/28 20:47:14.356|LogLibrary.Log|atPhoto|원본 화면 맞춤: 56.0%
Info|2024/06/28 20:47:18.531|LogLibrary.Log|atPhoto|광축 측정 시작
Info|2024/06/28 20:47:18.585|LogLibrary.Log|Image|CCL 완료(레이블 수:5091, Blob 수:1)
Info|2024/06/28 20:47:47.299|LogLibrary.Log|atPhoto|시스템 파일 읽기 성공:D:\Work\C_Sharp\2024\atPhotoInspection\SystemRoot\Autonics\atPhotoInspection\System\SystemParameters.ini
Info|2024/06/28 20:47:47.340|LogLibrary.Log|atPhoto|로그 데이터 및 이벤트 등록을 완료
Info|2024/06/28 20:47:47.340|LogLibrary.Log|atPhoto|통신 모듈 초기화 완료.
Info|2024/06/28 20:47:47.340|LogLibrary.Log|atPhoto|Photo 센서 검사 프로그램을 시작
Info|2024/06/28 20:47:47.340|LogLibrary.Log|atPhoto|파일 시스템을 설정 및 로드 시작
Error|2024/06/28 20:47:47.647|LogLibrary.Log|atPhoto|카메라 초기화 실패
Info|2024/06/28 20:47:49.671|LogLibrary.Log|NetWork|PLC와 통신 연결 실패 IP :127.0.0.1
Info|2024/06/28 20:47:49.671|LogLibrary.Log|PhotoSensor|포토센서와 통신 연결 실패:COM1
Info|2024/06/28 20:47:49.671|LogLibrary.Log|PanelMeta|판넬메타와 통신 연결 실패:COM6
Info|2024/06/28 20:47:49.680|LogLibrary.Log|atPhoto|검사 통계 초기화 완료
Info|2024/06/28 20:47:49.680|LogLibrary.Log|atPhoto|리본 메뉴 구성을 초기화 완료
Info|2024/06/28 20:47:49.680|LogLibrary.Log|atPhoto|레시피 초기화 완료
Info|2024/06/28 20:47:49.680|LogLibrary.Log|atPhoto|검사 동작 스레드 등록 완료
Info|2024/06/28 20:47:59.045|LogLibrary.Log|atPhoto|원본 화면 맞춤: 56.0%
Info|2024/06/28 20:48:01.777|LogLibrary.Log|atPhoto|광축 측정 시작
Info|2024/06/28 20:48:01.831|LogLibrary.Log|Image|CCL 완료(레이블 수:5091, Blob 수:1)
Info|2024/06/28 20:48:15.275|LogLibrary.Log|atPhoto|광축 측정 시작
Info|2024/06/28 20:48:15.301|LogLibrary.Log|Image|CCL 완료(레이블 수:6133, Blob 수:1)
Info|2024/06/28 20:48:39.869|LogLibrary.Log|atPhoto|광축 측정 시작
Info|2024/06/28 20:48:39.891|LogLibrary.Log|Image|CCL 완료(레이블 수:5320, Blob 수:1)
Info|2024/06/28 20:48:53.197|LogLibrary.Log|atPhoto|원본 화면 맞춤: 56.0%
Info|2024/06/28 20:49:11.709|LogLibrary.Log|atPhoto|원본 화면 맞춤: 56.0%
Info|2024/06/28 21:01:47.229|LogLibrary.Log|atPhoto|광축 측정 시작
Info|2024/06/28 21:01:47.229|LogLibrary.Log|Image|CCL 완료(레이블 수:204, Blob 수:1)
Info|2024/06/28 21:02:05.677|LogLibrary.Log|atPhoto|광축 측정 시작
Info|2024/06/28 21:02:05.685|LogLibrary.Log|Image|CCL 완료(레이블 수:204, Blob 수:1)
Info|2024/06/28 21:02:11.034|LogLibrary.Log|atPhoto|광축 측정 시작
Info|2024/06/28 21:02:11.042|LogLibrary.Log|Image|CCL 완료(레이블 수:204, Blob 수:1)
Info|2024/06/28 21:02:16.539|LogLibrary.Log|atPhoto|광축 측정 시작
Info|2024/06/28 21:02:16.539|LogLibrary.Log|Image|CCL 완료(레이블 수:142, Blob 수:1)
Info|2024/06/28 21:02:22.641|LogLibrary.Log|atPhoto|광축 측정 시작
Info|2024/06/28 21:02:22.649|LogLibrary.Log|Image|CCL 완료(레이블 수:140, Blob 수:1)
Info|2024/06/28 21:05:03.633|LogLibrary.Log|atPhoto|광축 측정 시작
Info|2024/06/28 21:05:03.633|LogLibrary.Log|Image|CCL 완료(레이블 수:1338, Blob 수:1)
Info|2024/06/28 21:05:10.300|LogLibrary.Log|atPhoto|광축 측정 시작
Info|2024/06/28 21:05:10.310|LogLibrary.Log|Image|CCL 완료(레이블 수:254, Blob 수:1)
Info|2024/06/28 21:06:07.196|LogLibrary.Log|atPhoto|광축 측정 시작
Info|2024/06/28 21:06:07.196|LogLibrary.Log|Image|CCL 완료(레이블 수:204, Blob 수:1)
Info|2024/06/28 21:06:19.451|LogLibrary.Log|atPhoto|광축 측정 시작
Info|2024/06/28 21:06:19.460|LogLibrary.Log|Image|CCL 완료(레이블 수:254, Blob 수:1)
Info|2024/06/28 21:08:07.594|LogLibrary.Log|atPhoto|LED Spot1 Image 로드완료:C:\Users\HomePC\Pictures\Screenshots\SaveImageFile1.bmp
Info|2024/06/28 21:08:11.260|LogLibrary.Log|atPhoto|LED Spot1 Image 로드완료:C:\Users\HomePC\Pictures\Screenshots\SaveImageFile2.bmp
Info|2024/06/28 21:08:22.899|LogLibrary.Log|atPhoto|투광 LED 발산각 측정 시작
Info|2024/06/28 21:08:22.899|LogLibrary.Log|Image|CCL 완료(레이블 수:204, Blob 수:1)
Info|2024/06/28 21:08:22.935|LogLibrary.Log|Image|CCL 완료(레이블 수:254, Blob 수:1)
Info|2024/06/28 21:08:22.935|LogLibrary.Log|atPhoto|투광 LED 발산각 측정 종료
Info|2024/06/28 21:12:02.400|LogLibrary.Log|atPhoto|광축 측정 시작
Info|2024/06/28 21:12:02.422|LogLibrary.Log|Image|CCL 완료(레이블 수:5320, Blob 수:1)
Info|2024/06/28 21:12:26.766|LogLibrary.Log|atPhoto|광축 측정 시작
Info|2024/06/28 21:12:26.794|LogLibrary.Log|Image|CCL 완료(레이블 수:6946, Blob 수:1)
Info|2024/06/28 21:13:32.126|LogLibrary.Log|atPhoto|광축 측정 시작
Info|2024/06/28 21:13:32.150|LogLibrary.Log|Image|CCL 완료(레이블 수:5320, Blob 수:1)
Info|2024/06/28 21:14:01.352|LogLibrary.Log|atPhoto|광축 측정 시작
Info|2024/06/28 21:14:01.375|LogLibrary.Log|Image|CCL 완료(레이블 수:5320, Blob 수:1)
Info|2024/06/28 21:14:08.064|LogLibrary.Log|atPhoto|광축 측정 시작
Info|2024/06/28 21:14:08.091|LogLibrary.Log|Image|CCL 완료(레이블 수:6946, Blob 수:1)
Info|2024/06/28 21:14:14.219|LogLibrary.Log|atPhoto|광축 측정 시작
Info|2024/06/28 21:14:14.246|LogLibrary.Log|Image|CCL 완료(레이블 수:6946, Blob 수:1)
Info|2024/06/28 21:14:20.755|LogLibrary.Log|atPhoto|광축 측정 시작
Info|2024/06/28 21:14:20.778|LogLibrary.Log|Image|CCL 완료(레이블 수:5320, Blob 수:1)
Info|2024/06/28 21:15:02.214|LogLibrary.Log|atPhoto|광축 측정 시작
Info|2024/06/28 21:17:12.232|LogLibrary.Log|Image|CCL 완료(레이블 수:5320, Blob 수:1)
Info|2024/06/28 21:17:50.359|LogLibrary.Log|atPhoto|광축 측정 시작
Info|2024/06/28 21:19:56.365|LogLibrary.Log|Image|CCL 완료(레이블 수:5320, Blob 수:1)
Info|2024/06/28 21:21:02.300|LogLibrary.Log|atPhoto|시스템 파일 읽기 성공:D:\Work\C_Sharp\2024\atPhotoInspection\SystemRoot\Autonics\atPhotoInspection\System\SystemParameters.ini
Info|2024/06/28 21:21:02.341|LogLibrary.Log|atPhoto|로그 데이터 및 이벤트 등록을 완료
Info|2024/06/28 21:21:02.341|LogLibrary.Log|atPhoto|통신 모듈 초기화 완료.
Info|2024/06/28 21:21:02.341|LogLibrary.Log|atPhoto|Photo 센서 검사 프로그램을 시작
Info|2024/06/28 21:21:02.341|LogLibrary.Log|atPhoto|파일 시스템을 설정 및 로드 시작
Error|2024/06/28 21:21:02.650|LogLibrary.Log|atPhoto|카메라 초기화 실패
Info|2024/06/28 21:21:04.685|LogLibrary.Log|NetWork|PLC와 통신 연결 실패 IP :127.0.0.1
Info|2024/06/28 21:21:04.685|LogLibrary.Log|PhotoSensor|포토센서와 통신 연결 실패:COM1
Info|2024/06/28 21:21:04.685|LogLibrary.Log|PanelMeta|판넬메타와 통신 연결 실패:COM6
Info|2024/06/28 21:21:04.695|LogLibrary.Log|atPhoto|검사 통계 초기화 완료
Info|2024/06/28 21:21:04.695|LogLibrary.Log|atPhoto|리본 메뉴 구성을 초기화 완료
Info|2024/06/28 21:21:04.695|LogLibrary.Log|atPhoto|레시피 초기화 완료
Info|2024/06/28 21:21:04.695|LogLibrary.Log|atPhoto|검사 동작 스레드 등록 완료
Info|2024/06/28 21:21:12.892|LogLibrary.Log|atPhoto|원본 화면 맞춤: 56.0%
Info|2024/06/28 21:21:21.134|LogLibrary.Log|atPhoto|광축 측정 시작
Info|2024/06/28 21:21:25.924|LogLibrary.Log|Image|CCL 완료(레이블 수:6946, Blob 수:0)
Info|2024/06/28 21:21:38.520|LogLibrary.Log|atPhoto|광축 측정 시작
Info|2024/06/28 21:21:38.548|LogLibrary.Log|Image|CCL 완료(레이블 수:6946, Blob 수:1)
Info|2024/06/28 21:23:02.937|LogLibrary.Log|atPhoto|광축 측정 시작
Info|2024/06/28 21:23:02.955|LogLibrary.Log|Image|CCL 완료(레이블 수:6946, Blob 수:0)
Info|2024/06/28 21:23:04.100|LogLibrary.Log|atPhoto|광축 측정 시작
Info|2024/06/28 21:23:04.119|LogLibrary.Log|Image|CCL 완료(레이블 수:6946, Blob 수:0)
Info|2024/06/28 21:24:00.129|LogLibrary.Log|atPhoto|광축 측정 시작
Info|2024/06/28 21:24:00.156|LogLibrary.Log|Image|CCL 완료(레이블 수:6946, Blob 수:1)
Info|2024/06/28 21:28:35.341|LogLibrary.Log|atPhoto|광축 측정 시작
Info|2024/06/28 21:29:44.382|LogLibrary.Log|atPhoto|시스템 파일 읽기 성공:D:\Work\C_Sharp\2024\atPhotoInspection\SystemRoot\Autonics\atPhotoInspection\System\SystemParameters.ini
Info|2024/06/28 21:29:44.422|LogLibrary.Log|atPhoto|로그 데이터 및 이벤트 등록을 완료
Info|2024/06/28 21:29:44.428|LogLibrary.Log|atPhoto|통신 모듈 초기화 완료.
Info|2024/06/28 21:29:44.428|LogLibrary.Log|atPhoto|Photo 센서 검사 프로그램을 시작
Info|2024/06/28 21:29:44.428|LogLibrary.Log|atPhoto|파일 시스템을 설정 및 로드 시작
Error|2024/06/28 21:29:44.731|LogLibrary.Log|atPhoto|카메라 초기화 실패
Info|2024/06/28 21:29:46.757|LogLibrary.Log|NetWork|PLC와 통신 연결 실패 IP :127.0.0.1
Info|2024/06/28 21:29:46.757|LogLibrary.Log|PhotoSensor|포토센서와 통신 연결 실패:COM1
Info|2024/06/28 21:29:46.757|LogLibrary.Log|PanelMeta|판넬메타와 통신 연결 실패:COM6
Info|2024/06/28 21:29:46.757|LogLibrary.Log|atPhoto|검사 통계 초기화 완료
Info|2024/06/28 21:29:46.757|LogLibrary.Log|atPhoto|리본 메뉴 구성을 초기화 완료
Info|2024/06/28 21:29:46.757|LogLibrary.Log|atPhoto|레시피 초기화 완료
Info|2024/06/28 21:29:46.757|LogLibrary.Log|atPhoto|검사 동작 스레드 등록 완료
Info|2024/06/28 21:29:51.744|LogLibrary.Log|atPhoto|원본 화면 맞춤: 56.0%
Info|2024/06/28 21:30:00.762|LogLibrary.Log|atPhoto|광축 측정 시작
Info|2024/06/28 21:30:09.744|LogLibrary.Log|Image|CCL 완료(레이블 수:6946, Blob 수:0)
Info|2024/06/28 21:30:16.199|LogLibrary.Log|atPhoto|광축 측정 시작
Info|2024/06/28 21:30:16.221|LogLibrary.Log|Image|CCL 완료(레이블 수:6946, Blob 수:0)
Info|2024/06/28 21:30:19.948|LogLibrary.Log|atPhoto|광축 측정 시작
Info|2024/06/28 21:30:19.970|LogLibrary.Log|Image|CCL 완료(레이블 수:6946, Blob 수:0)
Info|2024/06/28 21:30:23.797|LogLibrary.Log|atPhoto|광축 측정 시작
Info|2024/06/28 21:30:23.823|LogLibrary.Log|Image|CCL 완료(레이블 수:6946, Blob 수:1)
Info|2024/06/28 21:31:38.947|LogLibrary.Log|atPhoto|시스템 파일 읽기 성공:D:\Work\C_Sharp\2024\atPhotoInspection\SystemRoot\Autonics\atPhotoInspection\System\SystemParameters.ini
Info|2024/06/28 21:31:38.988|LogLibrary.Log|atPhoto|로그 데이터 및 이벤트 등록을 완료
Info|2024/06/28 21:31:38.993|LogLibrary.Log|atPhoto|통신 모듈 초기화 완료.
Info|2024/06/28 21:31:38.993|LogLibrary.Log|atPhoto|Photo 센서 검사 프로그램을 시작
Info|2024/06/28 21:31:38.993|LogLibrary.Log|atPhoto|파일 시스템을 설정 및 로드 시작
Error|2024/06/28 21:31:39.297|LogLibrary.Log|atPhoto|카메라 초기화 실패
Info|2024/06/28 21:31:41.321|LogLibrary.Log|NetWork|PLC와 통신 연결 실패 IP :127.0.0.1
Info|2024/06/28 21:31:41.321|LogLibrary.Log|PhotoSensor|포토센서와 통신 연결 실패:COM1
Info|2024/06/28 21:31:41.321|LogLibrary.Log|PanelMeta|판넬메타와 통신 연결 실패:COM6
Info|2024/06/28 21:31:41.321|LogLibrary.Log|atPhoto|검사 통계 초기화 완료
Info|2024/06/28 21:31:41.321|LogLibrary.Log|atPhoto|리본 메뉴 구성을 초기화 완료
Info|2024/06/28 21:31:41.321|LogLibrary.Log|atPhoto|레시피 초기화 완료
Info|2024/06/28 21:31:41.321|LogLibrary.Log|atPhoto|검사 동작 스레드 등록 완료
Info|2024/06/28 21:31:45.804|LogLibrary.Log|atPhoto|원본 화면 맞춤: 56.0%
Info|2024/06/28 21:31:49.142|LogLibrary.Log|atPhoto|광축 측정 시작
Info|2024/06/28 21:31:49.198|LogLibrary.Log|Image|CCL 완료(레이블 수:6133, Blob 수:1)
Info|2024/06/28 21:32:08.363|LogLibrary.Log|atPhoto|광축 측정 시작
Info|2024/06/28 21:32:08.387|LogLibrary.Log|Image|CCL 완료(레이블 수:6133, Blob 수:1)
Info|2024/06/28 21:32:11.648|LogLibrary.Log|atPhoto|광축 측정 시작
Info|2024/06/28 21:32:11.664|LogLibrary.Log|Image|CCL 완료(레이블 수:6133, Blob 수:0)
Info|2024/06/28 21:32:19.807|LogLibrary.Log|atPhoto|광축 측정 시작
Info|2024/06/28 21:32:19.829|LogLibrary.Log|Image|CCL 완료(레이블 수:6133, Blob 수:1)
Info|2024/06/28 21:32:33.660|LogLibrary.Log|atPhoto|광축 측정 시작
Info|2024/06/28 21:32:33.687|LogLibrary.Log|Image|CCL 완료(레이블 수:6946, Blob 수:1)
Info|2024/06/28 21:32:41.271|LogLibrary.Log|atPhoto|광축 측정 시작
Info|2024/06/28 21:32:41.297|LogLibrary.Log|Image|CCL 완료(레이블 수:6946, Blob 수:1)
Info|2024/06/28 21:32:46.451|LogLibrary.Log|atPhoto|광축 측정 시작
Info|2024/06/28 21:32:46.475|LogLibrary.Log|Image|CCL 완료(레이블 수:5320, Blob 수:1)
Info|2024/06/28 21:35:32.879|LogLibrary.Log|atPhoto|광축 측정 시작
Info|2024/06/28 21:35:32.901|LogLibrary.Log|Image|CCL 완료(레이블 수:5320, Blob 수:1)
Info|2024/06/28 21:35:39.224|LogLibrary.Log|atPhoto|광축 측정 시작
Info|2024/06/28 21:35:39.242|LogLibrary.Log|Image|CCL 완료(레이블 수:4120, Blob 수:1)
Info|2024/06/28 21:35:53.465|LogLibrary.Log|atPhoto|광축 측정 시작
Info|2024/06/28 21:35:53.481|LogLibrary.Log|Image|CCL 완료(레이블 수:3668, Blob 수:1)
Info|2024/06/28 21:35:59.499|LogLibrary.Log|atPhoto|광축 측정 시작
Info|2024/06/28 21:35:59.514|LogLibrary.Log|Image|CCL 완료(레이블 수:3419, Blob 수:1)
Info|2024/06/28 21:36:06.087|LogLibrary.Log|atPhoto|광축 측정 시작
Info|2024/06/28 21:36:06.103|LogLibrary.Log|Image|CCL 완료(레이블 수:3419, Blob 수:1)
Info|2024/06/28 21:36:15.642|LogLibrary.Log|atPhoto|광축 측정 시작
Info|2024/06/28 21:36:15.666|LogLibrary.Log|Image|CCL 완료(레이블 수:5140, Blob 수:1)
Info|2024/06/28 21:36:32.248|LogLibrary.Log|atPhoto|광축 측정 시작
Info|2024/06/28 21:36:32.271|LogLibrary.Log|Image|CCL 완료(레이블 수:5320, Blob 수:1)
Info|2024/06/28 21:37:35.034|LogLibrary.Log|atPhoto|광축 측정 시작
Info|2024/06/28 21:37:35.042|LogLibrary.Log|Image|CCL 완료(레이블 수:204, Blob 수:1)
Info|2024/06/28 21:37:40.268|LogLibrary.Log|atPhoto|광축 측정 시작
Info|2024/06/28 21:37:40.278|LogLibrary.Log|Image|CCL 완료(레이블 수:254, Blob 수:1)
Info|2024/06/28 21:38:02.426|LogLibrary.Log|atPhoto|광축 측정 시작
Info|2024/06/28 21:38:02.434|LogLibrary.Log|Image|CCL 완료(레이블 수:204, Blob 수:1)
Info|2024/06/28 21:38:14.696|LogLibrary.Log|atPhoto|광축 측정 시작
Info|2024/06/28 21:38:14.696|LogLibrary.Log|Image|CCL 완료(레이블 수:254, Blob 수:1)
